<?xml version="1.0" encoding="UTF-8"?>
<beans xmlns="http://www.springframework.org/schema/beans"
	xmlns:xsi="http://www.w3.org/2001/XMLSchema-instance"
	xsi:schemaLocation="http://www.springframework.org/schema/beans 
						http://www.springframework.org/schema/beans/spring-beans-3.0.xsd">
	
	<bean id="userServiceImpl" class="springbook.user.service.UserServiceImpl">
		<property name="userDao" ref="userDao"/>
		<property name="mailSender" ref="mailSender"/>
	</bean>
	
	<bean id="userService" class="org.springframework.aop.framework.ProxyFactoryBean">
		<property name="target" ref="userServiceImpl"/>
		<property name="interceptorNames">
			<list>
				<value>transactionAdvisor</value>
			</list>
		</property>
	</bean>
	
	<bean id="transactionAdvisor" class="org.springframework.aop.support.DefaultPointcutAdvisor">
		<property name="advice" ref="transactionAdvice"/>
		<property name="pointcut" ref="transactionPointcut"/>
	</bean>
	
	<bean id="transactionPointcut" class="org.springframework.aop.support.NameMatchMethodPointcut">
		<property name="mappedName" value="upgrade*"/>
	</bean>
	
	<bean id="transactionAdvice" class="springbook.user.service.TransactionAdvice">
		<property name="transactionManager" ref="transactionManager"/>
	</bean>
	
	<bean id="userDao" class="springbook.user.dao.UserDaoJdbc">
		<property name="dataSource" ref="dataSource"/>
	</bean>
	
	<bean id="transactionManager" class="org.springframework.jdbc.datasource.DataSourceTransactionManager">
		<property name="dataSource" ref="dataSource"/>
	</bean>
	
	<bean id="mailSender" class="springbook.user.service.DummyMailSender"/>
	
	<bean id="dataSource" class="org.springframework.jdbc.datasource.SimpleDriverDataSource">
		<property name="driverClass" value="org.mariadb.jdbc.Driver" />
		<property name="url" value="jdbc:mysql://localhost/testdb?characterEncoding=UTF-8" />
		<property name="username" value="root" />
		<property name="password" value="1234" />
	</bean>
</beans>
<!-- 
	userLevelUpgradePolicy DI 구현한 코드
	<property name="userLevelUpgradePolicy" ref="userLevelUpgradePolicy"/>
	
	<bean id="userLevelUpgradePolicy" class="springbook.user.service.LevelUpgrade">
		<property name="userDao" ref="userDao"/>
	</bean>

 -->